This is pdfTeX, Version 3.14159265-2.6-1.40.17 (TeX Live 2016) (preloaded format=pdflatex 2016.5.22)  25 MAY 2020 14:05
entering extended mode
 restricted \write18 enabled.
 file:line:error style messages enabled.
 %&-line parsing enabled.
**MollerNIM2020.tex
(./MollerNIM2020.tex
LaTeX2e <2016/03/31>
Babel <3.9r> and hyphenation patterns for 83 language(s) loaded.
(./elsarticle.cls
Document Class: elsarticle 2019/02/25, 3.2: Elsevier Ltd
\@bls=\dimen102
(/usr/local/texlive/2016/texmf-dist/tex/latex/base/article.cls
Document Class: article 2014/09/29 v1.4h Standard LaTeX document class
(/usr/local/texlive/2016/texmf-dist/tex/latex/base/size12.clo
File: size12.clo 2014/09/29 v1.4h Standard LaTeX file (size option)
)
\c@part=\count79
\c@section=\count80
\c@subsection=\count81
\c@subsubsection=\count82
\c@paragraph=\count83
\c@subparagraph=\count84
\c@figure=\count85
\c@table=\count86
\abovecaptionskip=\skip41
\belowcaptionskip=\skip42
\bibindent=\dimen103
)
(/usr/local/texlive/2016/texmf-dist/tex/latex/graphics/graphicx.sty
Package: graphicx 2014/10/28 v1.0g Enhanced LaTeX Graphics (DPC,SPQR)

(/usr/local/texlive/2016/texmf-dist/tex/latex/graphics/keyval.sty
Package: keyval 2014/10/28 v1.15 key=value parser (DPC)
\KV@toks@=\toks14
)
(/usr/local/texlive/2016/texmf-dist/tex/latex/graphics/graphics.sty
Package: graphics 2016/05/09 v1.0r Standard LaTeX Graphics (DPC,SPQR)

(/usr/local/texlive/2016/texmf-dist/tex/latex/graphics/trig.sty
Package: trig 2016/01/03 v1.10 sin cos tan (DPC)
)
(/usr/local/texlive/2016/texmf-dist/tex/latex/graphics-cfg/graphics.cfg
File: graphics.cfg 2016/01/02 v1.10 sample graphics configuration
)
Package graphics Info: Driver file: pdftex.def on input line 96.

(/usr/local/texlive/2016/texmf-dist/tex/latex/pdftex-def/pdftex.def
File: pdftex.def 2011/05/27 v0.06d Graphics/color for pdfTeX

(/usr/local/texlive/2016/texmf-dist/tex/generic/oberdiek/infwarerr.sty
Package: infwarerr 2016/05/16 v1.4 Providing info/warning/error messages (HO)
)
(/usr/local/texlive/2016/texmf-dist/tex/generic/oberdiek/ltxcmds.sty
Package: ltxcmds 2016/05/16 v1.23 LaTeX kernel commands for general use (HO)
)
\Gread@gobject=\count87
))
\Gin@req@height=\dimen104
\Gin@req@width=\dimen105
)
\c@tnote=\count88
\c@fnote=\count89
\c@cnote=\count90
\c@ead=\count91
\c@author=\count92
\@eadauthor=\toks15
\c@affn=\count93
\absbox=\box26
\elsarticlehighlightsbox=\box27
\elsarticlegrabsbox=\box28
\keybox=\box29
\Columnwidth=\dimen106
\space@left=\dimen107
\els@boxa=\box30
\els@boxb=\box31
\leftMargin=\dimen108
\@enLab=\toks16
\@sep=\skip43
\@@sep=\skip44

(./MollerNIM2020.spl)
(/usr/local/texlive/2016/texmf-dist/tex/latex/natbib/natbib.sty
Package: natbib 2010/09/13 8.31b (PWD, AO)
\bibhang=\skip45
\bibsep=\skip46
LaTeX Info: Redefining \cite on input line 694.
\c@NAT@ctr=\count94
)
\splwrite=\write3
\openout3 = `MollerNIM2020.spl'.

\appnamewidth=\dimen109
)
(/usr/local/texlive/2016/texmf-dist/tex/latex/xcolor/xcolor.sty
Package: xcolor 2016/05/11 v2.12 LaTeX color extensions (UK)

(/usr/local/texlive/2016/texmf-dist/tex/latex/graphics-cfg/color.cfg
File: color.cfg 2016/01/02 v1.6 sample color configuration
)
Package xcolor Info: Driver file: pdftex.def on input line 225.
Package xcolor Info: Model `cmy' substituted by `cmy0' on input line 1348.
Package xcolor Info: Model `hsb' substituted by `rgb' on input line 1352.
Package xcolor Info: Model `RGB' extended on input line 1364.
Package xcolor Info: Model `HTML' substituted by `rgb' on input line 1366.
Package xcolor Info: Model `Hsb' substituted by `hsb' on input line 1367.
Package xcolor Info: Model `tHsb' substituted by `hsb' on input line 1368.
Package xcolor Info: Model `HSB' substituted by `hsb' on input line 1369.
Package xcolor Info: Model `Gray' substituted by `gray' on input line 1370.
Package xcolor Info: Model `wave' substituted by `hsb' on input line 1371.
)
\GPT@outputbox=\box32

(/usr/local/texlive/2016/texmf-dist/tex/latex/hyperref/hyperref.sty
Package: hyperref 2016/05/05 v6.83n Hypertext links for LaTeX

(/usr/local/texlive/2016/texmf-dist/tex/generic/oberdiek/hobsub-hyperref.sty
Package: hobsub-hyperref 2016/05/16 v1.14 Bundle oberdiek, subset hyperref (HO)


(/usr/local/texlive/2016/texmf-dist/tex/generic/oberdiek/hobsub-generic.sty
Package: hobsub-generic 2016/05/16 v1.14 Bundle oberdiek, subset generic (HO)
Package: hobsub 2016/05/16 v1.14 Construct package bundles (HO)
Package hobsub Info: Skipping package `infwarerr' (already loaded).
Package hobsub Info: Skipping package `ltxcmds' (already loaded).
Package: ifluatex 2016/05/16 v1.4 Provides the ifluatex switch (HO)
Package ifluatex Info: LuaTeX not detected.
Package: ifvtex 2016/05/16 v1.6 Detect VTeX and its facilities (HO)
Package ifvtex Info: VTeX not detected.
Package: intcalc 2016/05/16 v1.2 Expandable calculations with integers (HO)
Package: ifpdf 2016/05/14 v3.1 Provides the ifpdf switch
Package: etexcmds 2016/05/16 v1.6 Avoid name clashes with e-TeX commands (HO)
Package etexcmds Info: Could not find \expanded.
(etexcmds)             That can mean that you are not using pdfTeX 1.50 or
(etexcmds)             that some package has redefined \expanded.
(etexcmds)             In the latter case, load this package earlier.
Package: kvsetkeys 2016/05/16 v1.17 Key value parser (HO)
Package: kvdefinekeys 2016/05/16 v1.4 Define keys (HO)
Package: pdftexcmds 2016/05/10 v0.21 Utility functions of pdfTeX for LuaTeX (HO
)
Package pdftexcmds Info: LuaTeX not detected.
Package pdftexcmds Info: \pdf@primitive is available.
Package pdftexcmds Info: \pdf@ifprimitive is available.
Package pdftexcmds Info: \pdfdraftmode found.
Package: pdfescape 2016/05/16 v1.14 Implements pdfTeX's escape features (HO)
Package: bigintcalc 2016/05/16 v1.4 Expandable calculations on big integers (HO
)
Package: bitset 2016/05/16 v1.2 Handle bit-vector datatype (HO)
Package: uniquecounter 2016/05/16 v1.3 Provide unlimited unique counter (HO)
)
Package hobsub Info: Skipping package `hobsub' (already loaded).
Package: letltxmacro 2016/05/16 v1.5 Let assignment for LaTeX macros (HO)
Package: hopatch 2016/05/16 v1.3 Wrapper for package hooks (HO)
Package: xcolor-patch 2016/05/16 xcolor patch
Package: atveryend 2016/05/16 v1.9 Hooks at the very end of document (HO)
Package atveryend Info: \enddocument detected (standard20110627).
Package: atbegshi 2016/05/16 v1.17 At begin shipout hook (HO)
Package: refcount 2016/05/16 v3.5 Data extraction from label references (HO)
Package: hycolor 2016/05/16 v1.8 Color options for hyperref/bookmark (HO)
)
(/usr/local/texlive/2016/texmf-dist/tex/generic/ifxetex/ifxetex.sty
Package: ifxetex 2010/09/12 v0.6 Provides ifxetex conditional
)
(/usr/local/texlive/2016/texmf-dist/tex/latex/oberdiek/auxhook.sty
Package: auxhook 2016/05/16 v1.4 Hooks for auxiliary files (HO)
)
(/usr/local/texlive/2016/texmf-dist/tex/latex/oberdiek/kvoptions.sty
Package: kvoptions 2016/05/16 v3.12 Key value format for package options (HO)
)
\@linkdim=\dimen110
\Hy@linkcounter=\count95
\Hy@pagecounter=\count96

(/usr/local/texlive/2016/texmf-dist/tex/latex/hyperref/pd1enc.def
File: pd1enc.def 2016/05/05 v6.83n Hyperref: PDFDocEncoding definition (HO)
)
\Hy@SavedSpaceFactor=\count97

(/usr/local/texlive/2016/texmf-dist/tex/latex/latexconfig/hyperref.cfg
File: hyperref.cfg 2002/06/06 v1.2 hyperref configuration of TeXLive
)
Package hyperref Info: Hyper figures OFF on input line 4446.
Package hyperref Info: Link nesting OFF on input line 4451.
Package hyperref Info: Hyper index ON on input line 4454.
Package hyperref Info: Plain pages OFF on input line 4461.
Package hyperref Info: Backreferencing OFF on input line 4466.
Package hyperref Info: Implicit mode ON; LaTeX internals redefined.
Package hyperref Info: Bookmarks ON on input line 4691.
\c@Hy@tempcnt=\count98

(/usr/local/texlive/2016/texmf-dist/tex/latex/url/url.sty
\Urlmuskip=\muskip10
Package: url 2013/09/16  ver 3.4  Verb mode for urls, etc.
)
LaTeX Info: Redefining \url on input line 5044.
\XeTeXLinkMargin=\dimen111
\Fld@menulength=\count99
\Field@Width=\dimen112
\Fld@charsize=\dimen113
Package hyperref Info: Hyper figures OFF on input line 6298.
Package hyperref Info: Link nesting OFF on input line 6303.
Package hyperref Info: Hyper index ON on input line 6306.
Package hyperref Info: backreferencing OFF on input line 6313.
Package hyperref Info: Link coloring OFF on input line 6318.
Package hyperref Info: Link coloring with OCG OFF on input line 6323.
Package hyperref Info: PDF/A mode OFF on input line 6328.
LaTeX Info: Redefining \ref on input line 6368.
LaTeX Info: Redefining \pageref on input line 6372.
\Hy@abspage=\count100
\c@Item=\count101
\c@Hfootnote=\count102
)

Package hyperref Message: Driver (autodetected): hpdftex.

(/usr/local/texlive/2016/texmf-dist/tex/latex/hyperref/hpdftex.def
File: hpdftex.def 2016/05/05 v6.83n Hyperref driver for pdfTeX
\Fld@listcount=\count103
\c@bookmark@seq@number=\count104

(/usr/local/texlive/2016/texmf-dist/tex/latex/oberdiek/rerunfilecheck.sty
Package: rerunfilecheck 2016/05/16 v1.8 Rerun checks for auxiliary files (HO)
Package uniquecounter Info: New unique counter `rerunfilecheck' on input line 2
82.
)
\Hy@SectionHShift=\skip47
)
(/usr/local/texlive/2016/texmf-dist/tex/latex/wrapfig/wrapfig.sty
\wrapoverhang=\dimen114
\WF@size=\dimen115
\c@WF@wrappedlines=\count105
\WF@box=\box33
\WF@everypar=\toks17
Package: wrapfig 2003/01/31  v 3.6
)
(/usr/local/texlive/2016/texmf-dist/tex/latex/placeins/placeins.sty
Package: placeins 2005/04/18  v 2.2
)
(/usr/local/texlive/2016/texmf-dist/tex/latex/amsfonts/amssymb.sty
Package: amssymb 2013/01/14 v3.01 AMS font symbols

(/usr/local/texlive/2016/texmf-dist/tex/latex/amsfonts/amsfonts.sty
Package: amsfonts 2013/01/14 v3.01 Basic AMSFonts support
\@emptytoks=\toks18
\symAMSa=\mathgroup4
\symAMSb=\mathgroup5
LaTeX Font Info:    Overwriting math alphabet `\mathfrak' in version `bold'
(Font)                  U/euf/m/n --> U/euf/b/n on input line 106.
))
(/usr/local/texlive/2016/texmf-dist/tex/latex/amscls/amsthm.sty
Package: amsthm 2015/03/04 v2.20.2
\thm@style=\toks19
\thm@bodyfont=\toks20
\thm@headfont=\toks21
\thm@notefont=\toks22
\thm@headpunct=\toks23
\thm@preskip=\skip48
\thm@postskip=\skip49
\thm@headsep=\skip50
\dth@everypar=\toks24
LaTeX Info: Redefining \qed on input line 264.
)
(/usr/local/texlive/2016/texmf-dist/tex/latex/amsmath/amsmath.sty
Package: amsmath 2016/03/10 v2.15b AMS math features
\@mathmargin=\skip51

For additional information on amsmath, use the `?' option.
(/usr/local/texlive/2016/texmf-dist/tex/latex/amsmath/amstext.sty
Package: amstext 2000/06/29 v2.01 AMS text

(/usr/local/texlive/2016/texmf-dist/tex/latex/amsmath/amsgen.sty
File: amsgen.sty 1999/11/30 v2.0 generic functions
\@emptytoks=\toks25
\ex@=\dimen116
))
(/usr/local/texlive/2016/texmf-dist/tex/latex/amsmath/amsbsy.sty
Package: amsbsy 1999/11/29 v1.2d Bold Symbols
\pmbraise@=\dimen117
)
(/usr/local/texlive/2016/texmf-dist/tex/latex/amsmath/amsopn.sty
Package: amsopn 2016/03/08 v2.02 operator names
)
\inf@bad=\count106
LaTeX Info: Redefining \frac on input line 199.
\uproot@=\count107
\leftroot@=\count108
LaTeX Info: Redefining \overline on input line 297.
\classnum@=\count109
\DOTSCASE@=\count110
LaTeX Info: Redefining \ldots on input line 394.
LaTeX Info: Redefining \dots on input line 397.
LaTeX Info: Redefining \cdots on input line 518.
\Mathstrutbox@=\box34
\strutbox@=\box35
\big@size=\dimen118
LaTeX Font Info:    Redeclaring font encoding OML on input line 634.
LaTeX Font Info:    Redeclaring font encoding OMS on input line 635.
\macc@depth=\count111
\c@MaxMatrixCols=\count112
\dotsspace@=\muskip11
\c@parentequation=\count113
\dspbrk@lvl=\count114
\tag@help=\toks26
\row@=\count115
\column@=\count116
\maxfields@=\count117
\andhelp@=\toks27
\eqnshift@=\dimen119
\alignsep@=\dimen120
\tagshift@=\dimen121
\tagwidth@=\dimen122
\totwidth@=\dimen123
\lineht@=\dimen124
\@envbody=\toks28
\multlinegap=\skip52
\multlinetaggap=\skip53
\mathdisplay@stack=\toks29
LaTeX Info: Redefining \[ on input line 2739.
LaTeX Info: Redefining \] on input line 2740.
)
(/usr/local/texlive/2016/texmf-dist/tex/latex/lineno/lineno.sty
Package: lineno 2005/11/02 line numbers on paragraphs v4.41
\linenopenalty=\count118
\output=\toks30
\linenoprevgraf=\count119
\linenumbersep=\dimen125
\linenumberwidth=\dimen126
\c@linenumber=\count120
\c@pagewiselinenumber=\count121
\c@LN@truepage=\count122
\c@internallinenumber=\count123
\c@internallinenumbers=\count124
\quotelinenumbersep=\dimen127
\bframerule=\dimen128
\bframesep=\dimen129
\bframebox=\box36
LaTeX Info: Redefining \\ on input line 3056.
)
(./MollerNIM2020.aux

LaTeX Warning: Label `fig:moller_diag' multiply defined.

)
\openout1 = `MollerNIM2020.aux'.

LaTeX Font Info:    Checking defaults for OML/cmm/m/it on input line 62.
LaTeX Font Info:    ... okay on input line 62.
LaTeX Font Info:    Checking defaults for T1/cmr/m/n on input line 62.
LaTeX Font Info:    ... okay on input line 62.
LaTeX Font Info:    Checking defaults for OT1/cmr/m/n on input line 62.
LaTeX Font Info:    ... okay on input line 62.
LaTeX Font Info:    Checking defaults for OMS/cmsy/m/n on input line 62.
LaTeX Font Info:    ... okay on input line 62.
LaTeX Font Info:    Checking defaults for OMX/cmex/m/n on input line 62.
LaTeX Font Info:    ... okay on input line 62.
LaTeX Font Info:    Checking defaults for U/cmr/m/n on input line 62.
LaTeX Font Info:    ... okay on input line 62.
LaTeX Font Info:    Checking defaults for PD1/pdf/m/n on input line 62.
LaTeX Font Info:    ... okay on input line 62.
 (/usr/local/texlive/2016/texmf-dist/tex/context/base/mkii/supp-pdf.mkii
[Loading MPS to PDF converter (version 2006.09.02).]
\scratchcounter=\count125
\scratchdimen=\dimen130
\scratchbox=\box37
\nofMPsegments=\count126
\nofMParguments=\count127
\everyMPshowfont=\toks31
\MPscratchCnt=\count128
\MPscratchDim=\dimen131
\MPnumerator=\count129
\makeMPintoPDFobject=\count130
\everyMPtoPDFconversion=\toks32
) (/usr/local/texlive/2016/texmf-dist/tex/latex/oberdiek/epstopdf-base.sty
Package: epstopdf-base 2016/05/15 v2.6 Base part for package epstopdf

(/usr/local/texlive/2016/texmf-dist/tex/latex/oberdiek/grfext.sty
Package: grfext 2016/05/16 v1.2 Manage graphics extensions (HO)
)
Package grfext Info: Graphics extension search list:
(grfext)             [.png,.pdf,.jpg,.mps,.jpeg,.jbig2,.jb2,.PNG,.PDF,.JPG,.JPE
G,.JBIG2,.JB2,.eps]
(grfext)             \AppendGraphicsExtensions on input line 456.

(/usr/local/texlive/2016/texmf-dist/tex/latex/latexconfig/epstopdf-sys.cfg
File: epstopdf-sys.cfg 2010/07/13 v1.3 Configuration of (r)epstopdf for TeX Liv
e
))
\AtBeginShipoutBox=\box38
Package hyperref Info: Link coloring OFF on input line 62.

(/usr/local/texlive/2016/texmf-dist/tex/latex/hyperref/nameref.sty
Package: nameref 2012/10/27 v2.43 Cross-referencing by name of section

(/usr/local/texlive/2016/texmf-dist/tex/generic/oberdiek/gettitlestring.sty
Package: gettitlestring 2016/05/16 v1.5 Cleanup title references (HO)
)
\c@section@level=\count131
)
LaTeX Info: Redefining \ref on input line 62.
LaTeX Info: Redefining \pageref on input line 62.
LaTeX Info: Redefining \nameref on input line 62.

(./MollerNIM2020.out) (./MollerNIM2020.out)
\@outlinefile=\write4
\openout4 = `MollerNIM2020.out'.

LaTeX Font Info:    Try loading font information for U+msa on input line 116.

(/usr/local/texlive/2016/texmf-dist/tex/latex/amsfonts/umsa.fd
File: umsa.fd 2013/01/14 v3.01 AMS symbols A
)
LaTeX Font Info:    Try loading font information for U+msb on input line 116.

(/usr/local/texlive/2016/texmf-dist/tex/latex/amsfonts/umsb.fd
File: umsb.fd 2013/01/14 v3.01 AMS symbols B
)
LaTeX Font Info:    Try loading font information for OMS+cmr on input line 130.


(/usr/local/texlive/2016/texmf-dist/tex/latex/base/omscmr.fd
File: omscmr.fd 2014/09/29 v2.5h Standard LaTeX font definitions
)
LaTeX Font Info:    Font shape `OMS/cmr/m/n' in size <12> not available
(Font)              Font shape `OMS/cmsy/m/n' tried instead on input line 130.


Package hyperref Warning: Token not allowed in a PDF string (PDFDocEncoding):
(hyperref)                removing `\<def>-command' on input line 144.


Package hyperref Warning: Token not allowed in a PDF string (PDFDocEncoding):
(hyperref)                removing `\cnotenum' on input line 144.


Package hyperref Warning: Token not allowed in a PDF string (PDFDocEncoding):
(hyperref)                removing `\<def>-command' on input line 144.


Package hyperref Warning: Token not allowed in a PDF string (PDFDocEncoding):
(hyperref)                removing `\@corref' on input line 144.

[1

{/usr/local/texlive/2016/texmf-var/fonts/map/pdftex/updmap/pdftex.map}]
Overfull \hbox (2.61108pt too wide) has occurred while \output is active
[] 
 []

pdfTeX warning (ext4): destination with the same identifier (name{page.1}) has 
been already used, duplicate ignored
<to be read again> 
                   \relax 
l.144 \end{frontmatter}
                        [1


] [2]
<figures/simple_moller_diagram.png, id=131, 717.68124pt x 331.2375pt>
File: figures/simple_moller_diagram.png Graphic file (type png)

<use figures/simple_moller_diagram.png>
Package pdftex.def Info: figures/simple_moller_diagram.png used on input line 1
90.
(pdftex.def)             Requested size: 272.99881pt x 126.00296pt.
 [3]

LaTeX Warning: Reference `fig:G3diag' on page 4 undefined on input line 203.

<figures/G3diagram.png, id=139, 1686.3pt x 1246.6575pt>
File: figures/G3diagram.png Graphic file (type png)

<use figures/G3diagram.png>
Package pdftex.def Info: figures/G3diagram.png used on input line 206.
(pdftex.def)             Requested size: 350.99762pt x 259.48506pt.
 [4 <./figures/simple_moller_diagram.png>] [5 <./figures/G3diagram.png>]

Package hyperref Warning: Token not allowed in a PDF string (PDFDocEncoding):
(hyperref)                removing `math shift' on input line 214.


Package hyperref Warning: Token not allowed in a PDF string (PDFDocEncoding):
(hyperref)                removing `subscript' on input line 214.


Package hyperref Warning: Token not allowed in a PDF string (PDFDocEncoding):
(hyperref)                removing `math shift' on input line 214.

[6] <figures/AzzUncQ2Q4var.png, id=167, 417.56pt x 543.02875pt>
File: figures/AzzUncQ2Q4var.png Graphic file (type png)

<use figures/AzzUncQ2Q4var.png>
Package pdftex.def Info: figures/AzzUncQ2Q4var.png used on input line 231.
(pdftex.def)             Requested size: 272.99881pt x 355.05255pt.

<figures/AzzvsQ1.png, id=168, 764.8575pt x 539.01375pt>
File: figures/AzzvsQ1.png Graphic file (type png)

<use figures/AzzvsQ1.png>
Package pdftex.def Info: figures/AzzvsQ1.png used on input line 238.
(pdftex.def)             Requested size: 272.99881pt x 192.39163pt.

<figures/AzzvsAcceptance.png, id=169, 764.8575pt x 540.0175pt>
File: figures/AzzvsAcceptance.png Graphic file (type png)

<use figures/AzzvsAcceptance.png>
Package pdftex.def Info: figures/AzzvsAcceptance.png used on input line 243.
(pdftex.def)             Requested size: 272.99881pt x 192.74991pt.
 [7] [8 <./figures/AzzUncQ2Q4var.png>]
[9 <./figures/AzzvsQ1.png> <./figures/AzzvsAcceptance.png>]
Overfull \hbox (10.67087pt too wide) in paragraph at lines 253--264
 [] 
 []

[10

] [11] [12] [13] [14]
<figures/demagnetizing_factor.pdf, id=233, 569.12625pt x 411.5375pt>
File: figures/demagnetizing_factor.pdf Graphic file (type pdf)

<use figures/demagnetizing_factor.pdf>
Package pdftex.def Info: figures/demagnetizing_factor.pdf used on input line 33
3.
(pdftex.def)             Requested size: 272.99881pt x 197.41644pt.
 [15 <./figures/demagnetizing_factor.pdf, page is rotated 90 degrees>] [16]
Overfull \hbox (65.64182pt too wide) in paragraph at lines 350--360
 [] 
 []


Overfull \hbox (1.28738pt too wide) detected at line 368
\OML/cmm/m/it/12 M\OT1/cmr/m/n/12 (\OML/cmm/m/it/12 T; H[]\OT1/cmr/m/n/12 ) = \
OML/cmm/m/it/12 M[] \OT1/cmr/m/n/12 + \OML/cmm/m/it/12 aT[]F\OT1/cmr/m/n/12 (3\
OML/cmm/m/it/12 =\OT1/cmr/m/n/12 2\OML/cmm/m/it/12 ; bH[]=T\OT1/cmr/m/n/12 ) + 
\OML/cmm/m/it/12 cT[]F\OT1/cmr/m/n/12 (5\OML/cmm/m/it/12 =\OT1/cmr/m/n/12 2\OML
/cmm/m/it/12 ; bH[]=T\OT1/cmr/m/n/12 ) + \OML/cmm/m/it/12 ^^_\OT1/cmr/m/n/12 (\
OML/cmm/m/it/12 T\OT1/cmr/m/n/12 )\OML/cmm/m/it/12 H[];  [] [][]
 []

[17] <figures/FeMagnetization_vs_Hint.pdf, id=337, 413.545pt x 739.76375pt>
File: figures/FeMagnetization_vs_Hint.pdf Graphic file (type pdf)

<use figures/FeMagnetization_vs_Hint.pdf>
Package pdftex.def Info: figures/FeMagnetization_vs_Hint.pdf used on input line
 378.
(pdftex.def)             Requested size: 249.59976pt x 446.50302pt.

<figures/FeCombinedFit_vs_Hint.pdf, id=338, 569.12625pt x 362.35374pt>
File: figures/FeCombinedFit_vs_Hint.pdf Graphic file (type pdf)

<use figures/FeCombinedFit_vs_Hint.pdf>
Package pdftex.def Info: figures/FeCombinedFit_vs_Hint.pdf used on input line 3
84.
(pdftex.def)             Requested size: 272.99881pt x 173.82277pt.

<figures/FeCombinedFitErrorBand_vs_Hint.pdf, id=341, 569.12625pt x 362.35374pt>
File: figures/FeCombinedFitErrorBand_vs_Hint.pdf Graphic file (type pdf)
<use figures/FeCombinedFitErrorBand_vs_Hint.pdf>
Package pdftex.def Info: figures/FeCombinedFitErrorBand_vs_Hint.pdf used on inp
ut line 390.
(pdftex.def)             Requested size: 272.99881pt x 173.82277pt.

<figures/NiMagnetization_vs_Hint.pdf, id=344, 413.545pt x 739.76375pt>
File: figures/NiMagnetization_vs_Hint.pdf Graphic file (type pdf)

<use figures/NiMagnetization_vs_Hint.pdf>
Package pdftex.def Info: figures/NiMagnetization_vs_Hint.pdf used on input line
 398.
(pdftex.def)             Requested size: 249.59976pt x 446.50302pt.

<figures/NiCombinedFit_vs_Hint.pdf, id=345, 569.12625pt x 362.35374pt>
File: figures/NiCombinedFit_vs_Hint.pdf Graphic file (type pdf)

<use figures/NiCombinedFit_vs_Hint.pdf>
Package pdftex.def Info: figures/NiCombinedFit_vs_Hint.pdf used on input line 4
04.
(pdftex.def)             Requested size: 272.99881pt x 173.82277pt.

<figures/NiCombinedFitErrorBand_vs_Hint.pdf, id=348, 569.12625pt x 362.35374pt>
File: figures/NiCombinedFitErrorBand_vs_Hint.pdf Graphic file (type pdf)
<use figures/NiCombinedFitErrorBand_vs_Hint.pdf>
Package pdftex.def Info: figures/NiCombinedFitErrorBand_vs_Hint.pdf used on inp
ut line 410.
(pdftex.def)             Requested size: 272.99881pt x 173.82277pt.
 [18] [19 <./figures/FeMagnetization_vs_Hint.pdf>] [20 <./figures/FeCombinedFit
_vs_Hint.pdf, page is rotated 90 degrees> <./figures/FeCombinedFitErrorBand_vs_
Hint.pdf, page is rotated 90 degrees>] [21 <./figures/NiMagnetization_vs_Hint.p
df>] [22 <./figures/NiCombinedFit_vs_Hint.pdf, page is rotated 90 degrees> <./f
igures/NiCombinedFitErrorBand_vs_Hint.pdf, page is rotated 90 degrees>]
Missing character: There is no ƒ in font cmr12!
Missing character: There is no ˙ in font cmr12!
Missing character: There is no ƒ in font cmr12!
Missing character: There is no ˘ in font cmr12!

<figures/anisotropy_Ni_Fe.png, id=641, 437.38406pt x 700.11563pt>
File: figures/anisotropy_Ni_Fe.png Graphic file (type png)

<use figures/anisotropy_Ni_Fe.png>
Package pdftex.def Info: figures/anisotropy_Ni_Fe.png used on input line 432.
(pdftex.def)             Requested size: 195.0pt x 312.13269pt.
 [23] [24 <./figures/anisotropy_Ni_Fe.png>]
[25] <figures/anisotropy_Co.png, id=668, 430.60875pt x 304.88907pt>
File: figures/anisotropy_Co.png Graphic file (type png)

<use figures/anisotropy_Co.png>
Package pdftex.def Info: figures/anisotropy_Co.png used on input line 455.
(pdftex.def)             Requested size: 195.0pt x 138.06877pt.

<figures/target_ladder.png, id=671, 253.69781pt x 545.78906pt>
File: figures/target_ladder.png Graphic file (type png)

<use figures/target_ladder.png>
Package pdftex.def Info: figures/target_ladder.png used on input line 464.
(pdftex.def)             Requested size: 97.5pt x 209.7505pt.

Underfull \hbox (badness 1983) in paragraph at lines 465--465
\OT1/cmr/m/n/10 with four thin iron foil
 []

[26 <./figures/anisotropy_Co.png>] [27 <./figures/target_ladder.png>]
Overfull \hbox (14.1264pt too wide) detected at line 481
\OT1/cmr/m/n/12 ^^A[][](1 []\OML/cmm/m/it/12 ^^V[]\OT1/cmr/m/n/12 ) = 19\OML/cm
m/m/it/12 :\OT1/cmr/m/n/12 74[][]\OML/cmm/m/it/12 ;  [] [] [] []\OT1/cmr/m/n/12
 ^^A[][](2 []\OML/cmm/m/it/12 ^^V[]\OT1/cmr/m/n/12 ) = 40\OML/cmm/m/it/12 :\OT1
/cmr/m/n/12 08[][] [] [] [] []^^A[][](4 []\OML/cmm/m/it/12 ^^V[]\OT1/cmr/m/n/12
 ) = 82\OML/cmm/m/it/12 :\OT1/cmr/m/n/12 58[][]\OML/cmm/m/it/12 :
 []

<figures/target_heating_Fe.jpg, id=684, 963.6pt x 722.7pt>
File: figures/target_heating_Fe.jpg Graphic file (type jpg)

<use figures/target_heating_Fe.jpg>
Package pdftex.def Info: figures/target_heating_Fe.jpg used on input line 487.
(pdftex.def)             Requested size: 272.99881pt x 204.74757pt.


LaTeX Warning: `h' float specifier changed to `ht'.

<figures/target_heating_correction.pdf, id=688, 569.12625pt x 388.45125pt>
File: figures/target_heating_correction.pdf Graphic file (type pdf)

<use figures/target_heating_correction.pdf>
Package pdftex.def Info: figures/target_heating_correction.pdf used on input li
ne 495.
(pdftex.def)             Requested size: 272.99881pt x 186.34186pt.
 [28] [29 <./figures/target_heating_Fe.jpg> <./figures/target_heating_correctio
n.pdf, page is rotated 90 degrees>]
Overfull \hbox (7.02267pt too wide) in paragraph at lines 538--551
 [] 
 []

[30

] [31]

Package hyperref Warning: Token not allowed in a PDF string (PDFDocEncoding):
(hyperref)                removing `math shift' on input line 561.


Package hyperref Warning: Token not allowed in a PDF string (PDFDocEncoding):
(hyperref)                removing `superscript' on input line 561.


Package hyperref Warning: Token not allowed in a PDF string (PDFDocEncoding):
(hyperref)                removing `\prime' on input line 561.


Package hyperref Warning: Token not allowed in a PDF string (PDFDocEncoding):
(hyperref)                removing `math shift' on input line 561.

[32]

Package hyperref Warning: Token not allowed in a PDF string (PDFDocEncoding):
(hyperref)                removing `math shift' on input line 594.


Package hyperref Warning: Token not allowed in a PDF string (PDFDocEncoding):
(hyperref)                removing `superscript' on input line 594.


Package hyperref Warning: Token not allowed in a PDF string (PDFDocEncoding):
(hyperref)                removing `\prime' on input line 594.


Package hyperref Warning: Token not allowed in a PDF string (PDFDocEncoding):
(hyperref)                removing `math shift' on input line 594.

[33] <figures/gprime_world_data_Fe.pdf, id=833, 569.12625pt x 384.43625pt>
File: figures/gprime_world_data_Fe.pdf Graphic file (type pdf)

<use figures/gprime_world_data_Fe.pdf>
Package pdftex.def Info: figures/gprime_world_data_Fe.pdf used on input line 60
1.
(pdftex.def)             Requested size: 312.00119pt x 210.76012pt.


LaTeX Warning: `h' float specifier changed to `ht'.

[34] [35 <./figures/gprime_world_data_Fe.pdf, page is rotated 90 degrees>]
Underfull \hbox (badness 10000) in paragraph at lines 616--616
[][][]\OT1/cmr/m/n/10 For a sim-ple ex-pla-na-tion of FMR see http://www.physik
.fu-
 []

<figures/gfactor_world_data_Fe.pdf, id=911, 569.12625pt x 388.45125pt>
File: figures/gfactor_world_data_Fe.pdf Graphic file (type pdf)

<use figures/gfactor_world_data_Fe.pdf>
Package pdftex.def Info: figures/gfactor_world_data_Fe.pdf used on input line 6
29.
(pdftex.def)             Requested size: 312.00119pt x 212.96127pt.
 [36]

Package hyperref Warning: Token not allowed in a PDF string (PDFDocEncoding):
(hyperref)                removing `math shift' on input line 636.


Package hyperref Warning: Token not allowed in a PDF string (PDFDocEncoding):
(hyperref)                removing `superscript' on input line 636.


Package hyperref Warning: Token not allowed in a PDF string (PDFDocEncoding):
(hyperref)                removing `\prime' on input line 636.


Package hyperref Warning: Token not allowed in a PDF string (PDFDocEncoding):
(hyperref)                removing `math shift' on input line 636.

[37 <./figures/gfactor_world_data_Fe.pdf, page is rotated 90 degrees>]
Overfull \hbox (10.23613pt too wide) in paragraph at lines 641--642
[]\OT1/cmr/m/n/12 Scott 99.82% Ni with main im-pu-ri-ties Si(0.1%), Fe(0.032%),
 Mn(0.030%),
 []

[38] <figures/gprime_world_data_Ni.pdf, id=990, 569.12625pt x 388.45125pt>
File: figures/gprime_world_data_Ni.pdf Graphic file (type pdf)

<use figures/gprime_world_data_Ni.pdf>
Package pdftex.def Info: figures/gprime_world_data_Ni.pdf used on input line 65
2.
(pdftex.def)             Requested size: 312.00119pt x 212.96127pt.


LaTeX Warning: `h' float specifier changed to `ht'.


Package hyperref Warning: Token not allowed in a PDF string (PDFDocEncoding):
(hyperref)                removing `math shift' on input line 661.


Package hyperref Warning: Token not allowed in a PDF string (PDFDocEncoding):
(hyperref)                removing `superscript' on input line 661.


Package hyperref Warning: Token not allowed in a PDF string (PDFDocEncoding):
(hyperref)                removing `\prime' on input line 661.


Package hyperref Warning: Token not allowed in a PDF string (PDFDocEncoding):
(hyperref)                removing `math shift' on input line 661.

[39] [40 <./figures/gprime_world_data_Ni.pdf, page is rotated 90 degrees>]
Overfull \hbox (81.20755pt too wide) in paragraph at lines 674--688
 [] 
 []

<figures/Frait1981.png, id=1068, 449.42906pt x 306.39468pt>
File: figures/Frait1981.png Graphic file (type png)

<use figures/Frait1981.png>
Package pdftex.def Info: figures/Frait1981.png used on input line 694.
(pdftex.def)             Requested size: 312.00119pt x 212.71227pt.


LaTeX Warning: `h' float specifier changed to `ht'.


Package hyperref Warning: Token not allowed in a PDF string (PDFDocEncoding):
(hyperref)                removing `math shift' on input line 699.


Package hyperref Warning: Token not allowed in a PDF string (PDFDocEncoding):
(hyperref)                removing `superscript' on input line 699.


Package hyperref Warning: Token not allowed in a PDF string (PDFDocEncoding):
(hyperref)                removing `\prime' on input line 699.


Package hyperref Warning: Token not allowed in a PDF string (PDFDocEncoding):
(hyperref)                removing `math shift' on input line 699.

[41] [42 <./figures/Frait1981.png>] [43] [44]
Overfull \hbox (47.87117pt too wide) in paragraph at lines 727--740
 [] 
 []


LaTeX Warning: `h' float specifier changed to `ht'.


Overfull \hbox (59.62105pt too wide) in paragraph at lines 746--759
 [] 
 []


LaTeX Warning: `h' float specifier changed to `ht'.

[45] [46]
Overfull \hbox (7.15434pt too wide) in paragraph at lines 773--774
[]\OT1/cmr/m/n/12 The er-ror in tar-get po-lar-iza-tion listed in the MEI pro-p
osal for the MOLLER
 []

(./MollerNIM2020.bbl
Missing character: There is no √ in font cmr12!
Missing character: There is no ∏ in font cmr12!

Underfull \hbox (badness 10000) in paragraph at lines 14--19
\OT1/cmr/m/n/12 URL []$\OT1/cmtt/m/n/12 https : / / hallaweb . jlab . org / 12G
eV / SoLID / files /
 []

[47

]
Missing character: There is no √ in font cmr12!
Missing character: There is no É in font cmr12!
Missing character: There is no ≈ in font cmr12!
Missing character: There is no æ in font cmr12!

Underfull \hbox (badness 1231) in paragraph at lines 28--38
[]\OT1/cmr/m/n/12 M. Swartz, H. Band, F. Decker, P. Emma, M. Fero, R. Frey,
 []


Underfull \hbox (badness 1448) in paragraph at lines 28--38
\OT1/cmr/m/n/12 ef-fects in single-arm mller po-larime-try[], Nu-clear In-stru-
ments and
 []


Underfull \hbox (badness 10000) in paragraph at lines 28--38
\OT1/cmr/m/n/12 URL []$\OT1/cmtt/m/n/12 http : / / www . sciencedirect . com / 
science / article / pii /
 []

Missing character: There is no ‚ in font cmr12!
Missing character: There is no Ä in font cmr12!
Missing character: There is no ê in font cmr12!
Missing character: There is no ‚ in font cmr12!
Missing character: There is no Ä in font cmr12!
Missing character: There is no ê in font cmr12!
Missing character: There is no ‚ in font cmr12!
Missing character: There is no Ä in font cmr12!
Missing character: There is no ê in font cmr12!

Underfull \hbox (badness 10000) in paragraph at lines 78--84
\OT1/cmr/m/n/12 URL []$\OT1/cmtt/m/n/12 http : / / nvlpubs . nist . gov / nistp
ubs / jres / 70C /
 []

[48]
Underfull \hbox (badness 10000) in paragraph at lines 86--94
\OT1/cmr/m/n/12 URL []$\OT1/cmtt/m/n/12 http : / / rspa . royalsocietypublishin
g . org / content / 321 /
 []


Underfull \hbox (badness 10000) in paragraph at lines 105--114
\OT1/cmr/m/n/12 URL []$\OT1/cmtt/m/n/12 http : / / www . sciencedirect . com / 
science / article / pii /
 []

Missing character: There is no √ in font cmr12!
Missing character: There is no © in font cmr12!
Missing character: There is no √ in font cmr12!
Missing character: There is no © in font cmr12!
[49]
Missing character: There is no ¬ in font cmr12!
Missing character: There is no ∞ in font cmr12!

Underfull \hbox (badness 1527) in paragraph at lines 169--180
[]\OT1/cmr/m/n/12 H. P. My-ers, W. Suck-smith, []The spon-ta-neous mag-ne-ti-za
-tion of
 []


Underfull \hbox (badness 10000) in paragraph at lines 169--180
[]$\OT1/cmtt/m/n/12 arXiv : http : / / rspa . royalsocietypublishing . org / co
ntent / 207 /
 []


Underfull \hbox (badness 10000) in paragraph at lines 169--180
\OT1/cmr/m/n/12 URL []$\OT1/cmtt/m/n/12 http : / / rspa . royalsocietypublishin
g . org / content / 207 /
 []

Missing character: There is no ‚ in font cmr12!
Missing character: There is no Ä in font cmr12!
Missing character: There is no ê in font cmr12!

Underfull \hbox (badness 10000) in paragraph at lines 190--198
\OT1/cmr/m/n/12 URL []$\OT1/cmtt/m/n/12 http : / / www . sciencedirect . com / 
science / article / pii /
 []

[50]
Missing character: There is no ‚ in font cmr12!
Missing character: There is no Ä in font cmr12!
Missing character: There is no ≤ in font cmr12!
 [51]
Underfull \hbox (badness 10000) in paragraph at lines 289--296
\OT1/cmr/m/n/12 URL []$\OT1/cmtt/m/n/12 http : / / www . sciencedirect . com / 
science / article / pii /
 []

Missing character: There is no √ in font cmr12!
Missing character: There is no © in font cmr12!
Missing character: There is no √ in font cmr12!
Missing character: There is no © in font cmr12!
[52]
Missing character: There is no ‚ in font cmr12!
Missing character: There is no Ä in font cmr12!
Missing character: There is no Ç in font cmr12!
Missing character: There is no ¬ in font cmr12!
Missing character: There is no ∞ in font cmr12!
Missing character: There is no ≈ in font cmr12!
Missing character: There is no Ø in font cmr12!
Missing character: There is no Ó in font cmr12!
Missing character: There is no ó in font cmr12!
Missing character: There is no ∏ in font cmr12!
Missing character: There is no ‚ in font cmr12!
Missing character: There is no Ä in font cmr12!
Missing character: There is no ì in font cmr12!

Underfull \hbox (badness 10000) in paragraph at lines 377--386
\OT1/cmr/m/n/12 URL []$\OT1/cmtt/m/n/12 http : / / www . sciencedirect . com / 
science / article / pii /
 []


Underfull \hbox (badness 10000) in paragraph at lines 388--396
\OT1/cmr/m/n/12 URL []$\OT1/cmtt/m/n/12 http : / / www . sciencedirect . com / 
science / article / pii /
 []

Missing character: There is no Ô in font cmr12!
Missing character: There is no £ in font cmr12!
Missing character: There is no ø in font cmr12!
[53]
Missing character: There is no ≈ in font cmr12!
Missing character: There is no Ø in font cmr12!
 [54])
Package atveryend Info: Empty hook `BeforeClearDocument' on input line 792.
 [55]
Package atveryend Info: Empty hook `AfterLastShipout' on input line 792.
 (./MollerNIM2020.aux)
Package atveryend Info: Executing hook `AtVeryEndDocument' on input line 792.
Package atveryend Info: Executing hook `AtEndAfterFileList' on input line 792.
Package rerunfilecheck Info: File `MollerNIM2020.out' has not changed.
(rerunfilecheck)             Checksum: 4637B6D78B11C0F9A388D1F45D563308;1573.


LaTeX Warning: There were undefined references.


LaTeX Warning: There were multiply-defined labels.

Package atveryend Info: Empty hook `AtVeryVeryEnd' on input line 792.
 ) 
Here is how much of TeX's memory you used:
 7888 strings out of 493014
 112602 string characters out of 6133351
 213926 words of memory out of 5000000
 11111 multiletter control sequences out of 15000+600000
 13517 words of font info for 52 fonts, out of 8000000 for 9000
 1141 hyphenation exceptions out of 8191
 34i,12n,35p,2345b,652s stack positions out of 5000i,500n,10000p,200000b,80000s
</usr/local/texlive/2016/texmf-dist/fonts/type1/public/amsfonts/cm/cmbx12.pfb
></usr/local/texlive/2016/texmf-dist/fonts/type1/public/amsfonts/cm/cmex10.pfb>
</usr/local/texlive/2016/texmf-dist/fonts/type1/public/amsfonts/cm/cmmi10.pfb><
/usr/local/texlive/2016/texmf-dist/fonts/type1/public/amsfonts/cm/cmmi12.pfb></
usr/local/texlive/2016/texmf-dist/fonts/type1/public/amsfonts/cm/cmmi6.pfb></us
r/local/texlive/2016/texmf-dist/fonts/type1/public/amsfonts/cm/cmmi7.pfb></usr/
local/texlive/2016/texmf-dist/fonts/type1/public/amsfonts/cm/cmmi8.pfb></usr/lo
cal/texlive/2016/texmf-dist/fonts/type1/public/amsfonts/cm/cmr10.pfb></usr/loca
l/texlive/2016/texmf-dist/fonts/type1/public/amsfonts/cm/cmr12.pfb></usr/local/
texlive/2016/texmf-dist/fonts/type1/public/amsfonts/cm/cmr17.pfb></usr/local/te
xlive/2016/texmf-dist/fonts/type1/public/amsfonts/cm/cmr7.pfb></usr/local/texli
ve/2016/texmf-dist/fonts/type1/public/amsfonts/cm/cmr8.pfb></usr/local/texlive/
2016/texmf-dist/fonts/type1/public/amsfonts/cm/cmsy10.pfb></usr/local/texlive/2
016/texmf-dist/fonts/type1/public/amsfonts/cm/cmsy6.pfb></usr/local/texlive/201
6/texmf-dist/fonts/type1/public/amsfonts/cm/cmsy7.pfb></usr/local/texlive/2016/
texmf-dist/fonts/type1/public/amsfonts/cm/cmsy8.pfb></usr/local/texlive/2016/te
xmf-dist/fonts/type1/public/amsfonts/cm/cmti10.pfb></usr/local/texlive/2016/tex
mf-dist/fonts/type1/public/amsfonts/cm/cmti12.pfb></usr/local/texlive/2016/texm
f-dist/fonts/type1/public/amsfonts/cm/cmti7.pfb></usr/local/texlive/2016/texmf-
dist/fonts/type1/public/amsfonts/cm/cmtt10.pfb></usr/local/texlive/2016/texmf-d
ist/fonts/type1/public/amsfonts/cm/cmtt12.pfb></usr/local/texlive/2016/texmf-di
st/fonts/type1/public/amsfonts/symbols/msam10.pfb></usr/local/texlive/2016/texm
f-dist/fonts/type1/public/amsfonts/symbols/msbm10.pfb>
Output written on MollerNIM2020.pdf (56 pages, 1831494 bytes).
PDF statistics:
 1525 PDF objects out of 1728 (max. 8388607)
 1121 compressed objects within 12 object streams
 197 named destinations out of 1000 (max. 500000)
 266 words of extra memory for PDF output out of 10000 (max. 10000000)

