This is pdfTeX, Version 3.14159265-2.6-1.40.17 (TeX Live 2016) (preloaded format=pdflatex 2016.5.22)  4 MAY 2020 16:46
entering extended mode
 restricted \write18 enabled.
 file:line:error style messages enabled.
 %&-line parsing enabled.
**TargetPolarizationTechNote.tex
(./TargetPolarizationTechNote.tex
LaTeX2e <2016/03/31>
Babel <3.9r> and hyphenation patterns for 83 language(s) loaded.
(/usr/local/texlive/2016/texmf-dist/tex/latex/base/article.cls
Document Class: article 2014/09/29 v1.4h Standard LaTeX document class
(/usr/local/texlive/2016/texmf-dist/tex/latex/base/size12.clo
File: size12.clo 2014/09/29 v1.4h Standard LaTeX file (size option)
)
\c@part=\count79
\c@section=\count80
\c@subsection=\count81
\c@subsubsection=\count82
\c@paragraph=\count83
\c@subparagraph=\count84
\c@figure=\count85
\c@table=\count86
\abovecaptionskip=\skip41
\belowcaptionskip=\skip42
\bibindent=\dimen102
)
(/usr/local/texlive/2016/texmf-dist/tex/generic/babel/babel.sty
Package: babel 2016/04/23 3.9r The Babel package

(/usr/local/texlive/2016/texmf-dist/tex/generic/babel-english/english.ldf
Language: english 2012/08/20 v3.3p English support from the babel system

(/usr/local/texlive/2016/texmf-dist/tex/generic/babel/babel.def
File: babel.def 2016/04/23 3.9r Babel common definitions
\babel@savecnt=\count87
\U@D=\dimen103
)
\l@canadian = a dialect from \language\l@american 
\l@australian = a dialect from \language\l@british 
\l@newzealand = a dialect from \language\l@british 
))
(/usr/local/texlive/2016/texmf-dist/tex/latex/geometry/geometry.sty
Package: geometry 2010/09/12 v5.6 Page Geometry

(/usr/local/texlive/2016/texmf-dist/tex/latex/graphics/keyval.sty
Package: keyval 2014/10/28 v1.15 key=value parser (DPC)
\KV@toks@=\toks14
)
(/usr/local/texlive/2016/texmf-dist/tex/generic/oberdiek/ifpdf.sty
Package: ifpdf 2016/05/14 v3.1 Provides the ifpdf switch
)
(/usr/local/texlive/2016/texmf-dist/tex/generic/oberdiek/ifvtex.sty
Package: ifvtex 2016/05/16 v1.6 Detect VTeX and its facilities (HO)
Package ifvtex Info: VTeX not detected.
)
(/usr/local/texlive/2016/texmf-dist/tex/generic/ifxetex/ifxetex.sty
Package: ifxetex 2010/09/12 v0.6 Provides ifxetex conditional
)
\Gm@cnth=\count88
\Gm@cntv=\count89
\c@Gm@tempcnt=\count90
\Gm@bindingoffset=\dimen104
\Gm@wd@mp=\dimen105
\Gm@odd@mp=\dimen106
\Gm@even@mp=\dimen107
\Gm@layoutwidth=\dimen108
\Gm@layoutheight=\dimen109
\Gm@layouthoffset=\dimen110
\Gm@layoutvoffset=\dimen111
\Gm@dimlist=\toks15
)
(/usr/local/texlive/2016/texmf-dist/tex/latex/caption/caption.sty
Package: caption 2016/02/21 v3.3-144 Customizing captions (AR)

(/usr/local/texlive/2016/texmf-dist/tex/latex/caption/caption3.sty
Package: caption3 2016/02/04 v1.7-139 caption3 kernel (AR)
Package caption3 Info: TeX engine: e-TeX on input line 67.
\captionmargin=\dimen112
\captionmargin@=\dimen113
\captionwidth=\dimen114
\caption@tempdima=\dimen115
\caption@indent=\dimen116
\caption@parindent=\dimen117
\caption@hangindent=\dimen118
)
\c@ContinuedFloat=\count91
)
(/usr/local/texlive/2016/texmf-dist/tex/latex/preprint/fullpage.sty
Package: fullpage 1999/02/23 1.1 (PWD)
\FP@margin=\skip43
)
(/usr/local/texlive/2016/texmf-dist/tex/latex/placeins/placeins.sty
Package: placeins 2005/04/18  v 2.2
)
(/usr/local/texlive/2016/texmf-dist/tex/latex/graphics/graphicx.sty
Package: graphicx 2014/10/28 v1.0g Enhanced LaTeX Graphics (DPC,SPQR)

(/usr/local/texlive/2016/texmf-dist/tex/latex/graphics/graphics.sty
Package: graphics 2016/05/09 v1.0r Standard LaTeX Graphics (DPC,SPQR)

(/usr/local/texlive/2016/texmf-dist/tex/latex/graphics/trig.sty
Package: trig 2016/01/03 v1.10 sin cos tan (DPC)
)
(/usr/local/texlive/2016/texmf-dist/tex/latex/graphics-cfg/graphics.cfg
File: graphics.cfg 2016/01/02 v1.10 sample graphics configuration
)
Package graphics Info: Driver file: pdftex.def on input line 96.

(/usr/local/texlive/2016/texmf-dist/tex/latex/pdftex-def/pdftex.def
File: pdftex.def 2011/05/27 v0.06d Graphics/color for pdfTeX

(/usr/local/texlive/2016/texmf-dist/tex/generic/oberdiek/infwarerr.sty
Package: infwarerr 2016/05/16 v1.4 Providing info/warning/error messages (HO)
)
(/usr/local/texlive/2016/texmf-dist/tex/generic/oberdiek/ltxcmds.sty
Package: ltxcmds 2016/05/16 v1.23 LaTeX kernel commands for general use (HO)
)
\Gread@gobject=\count92
))
\Gin@req@height=\dimen119
\Gin@req@width=\dimen120
)
(/usr/local/texlive/2016/texmf-dist/tex/latex/amsfonts/amssymb.sty
Package: amssymb 2013/01/14 v3.01 AMS font symbols

(/usr/local/texlive/2016/texmf-dist/tex/latex/amsfonts/amsfonts.sty
Package: amsfonts 2013/01/14 v3.01 Basic AMSFonts support
\@emptytoks=\toks16
\symAMSa=\mathgroup4
\symAMSb=\mathgroup5
LaTeX Font Info:    Overwriting math alphabet `\mathfrak' in version `bold'
(Font)                  U/euf/m/n --> U/euf/b/n on input line 106.
))
(/usr/local/texlive/2016/texmf-dist/tex/latex/amsmath/amsmath.sty
Package: amsmath 2016/03/10 v2.15b AMS math features
\@mathmargin=\skip44

For additional information on amsmath, use the `?' option.
(/usr/local/texlive/2016/texmf-dist/tex/latex/amsmath/amstext.sty
Package: amstext 2000/06/29 v2.01 AMS text

(/usr/local/texlive/2016/texmf-dist/tex/latex/amsmath/amsgen.sty
File: amsgen.sty 1999/11/30 v2.0 generic functions
\@emptytoks=\toks17
\ex@=\dimen121
))
(/usr/local/texlive/2016/texmf-dist/tex/latex/amsmath/amsbsy.sty
Package: amsbsy 1999/11/29 v1.2d Bold Symbols
\pmbraise@=\dimen122
)
(/usr/local/texlive/2016/texmf-dist/tex/latex/amsmath/amsopn.sty
Package: amsopn 2016/03/08 v2.02 operator names
)
\inf@bad=\count93
LaTeX Info: Redefining \frac on input line 199.
\uproot@=\count94
\leftroot@=\count95
LaTeX Info: Redefining \overline on input line 297.
\classnum@=\count96
\DOTSCASE@=\count97
LaTeX Info: Redefining \ldots on input line 394.
LaTeX Info: Redefining \dots on input line 397.
LaTeX Info: Redefining \cdots on input line 518.
\Mathstrutbox@=\box26
\strutbox@=\box27
\big@size=\dimen123
LaTeX Font Info:    Redeclaring font encoding OML on input line 634.
LaTeX Font Info:    Redeclaring font encoding OMS on input line 635.
\macc@depth=\count98
\c@MaxMatrixCols=\count99
\dotsspace@=\muskip10
\c@parentequation=\count100
\dspbrk@lvl=\count101
\tag@help=\toks18
\row@=\count102
\column@=\count103
\maxfields@=\count104
\andhelp@=\toks19
\eqnshift@=\dimen124
\alignsep@=\dimen125
\tagshift@=\dimen126
\tagwidth@=\dimen127
\totwidth@=\dimen128
\lineht@=\dimen129
\@envbody=\toks20
\multlinegap=\skip45
\multlinetaggap=\skip46
\mathdisplay@stack=\toks21
LaTeX Info: Redefining \[ on input line 2739.
LaTeX Info: Redefining \] on input line 2740.
)
(/usr/local/texlive/2016/texmf-dist/tex/latex/graphics/color.sty
Package: color 2016/05/09 v1.1c Standard LaTeX Color (DPC)

(/usr/local/texlive/2016/texmf-dist/tex/latex/graphics-cfg/color.cfg
File: color.cfg 2016/01/02 v1.6 sample color configuration
)
Package color Info: Driver file: pdftex.def on input line 144.
)
(/usr/local/texlive/2016/texmf-dist/tex/latex/wrapfig/wrapfig.sty
\wrapoverhang=\dimen130
\WF@size=\dimen131
\c@WF@wrappedlines=\count105
\WF@box=\box28
\WF@everypar=\toks22
Package: wrapfig 2003/01/31  v 3.6
)
(./TargetPolarizationTechNote.aux)
\openout1 = `TargetPolarizationTechNote.aux'.

LaTeX Font Info:    Checking defaults for OML/cmm/m/it on input line 21.
LaTeX Font Info:    ... okay on input line 21.
LaTeX Font Info:    Checking defaults for T1/cmr/m/n on input line 21.
LaTeX Font Info:    ... okay on input line 21.
LaTeX Font Info:    Checking defaults for OT1/cmr/m/n on input line 21.
LaTeX Font Info:    ... okay on input line 21.
LaTeX Font Info:    Checking defaults for OMS/cmsy/m/n on input line 21.
LaTeX Font Info:    ... okay on input line 21.
LaTeX Font Info:    Checking defaults for OMX/cmex/m/n on input line 21.
LaTeX Font Info:    ... okay on input line 21.
LaTeX Font Info:    Checking defaults for U/cmr/m/n on input line 21.
LaTeX Font Info:    ... okay on input line 21.

*geometry* driver: auto-detecting
*geometry* detected driver: pdftex
*geometry* verbose mode - [ preamble ] result:
* driver: pdftex
* paper: letterpaper
* layout: <same size as paper>
* layoutoffset:(h,v)=(0.0pt,0.0pt)
* modes: 
* h-part:(L,W,R)=(92.14519pt, 430.00462pt, 92.14519pt)
* v-part:(T,H,B)=(95.39737pt, 556.47656pt, 143.09605pt)
* \paperwidth=614.295pt
* \paperheight=794.96999pt
* \textwidth=469.75502pt
* \textheight=620.43001pt
* \oddsidemargin=0.0pt
* \evensidemargin=0.0pt
* \topmargin=0.0pt
* \headheight=0.0pt
* \headsep=0.0pt
* \topskip=12.0pt
* \footskip=30.0pt
* \marginparwidth=44.0pt
* \marginparsep=10.0pt
* \columnsep=10.0pt
* \skip\footins=10.8pt plus 4.0pt minus 2.0pt
* \hoffset=0.0pt
* \voffset=0.0pt
* \mag=1000
* \@twocolumnfalse
* \@twosidefalse
* \@mparswitchfalse
* \@reversemarginfalse
* (1in=72.27pt=25.4mm, 1cm=28.453pt)

Package caption Info: Begin \AtBeginDocument code.
Package caption Info: wrapfig package is loaded.
Package caption Info: End \AtBeginDocument code.
(/usr/local/texlive/2016/texmf-dist/tex/context/base/mkii/supp-pdf.mkii
[Loading MPS to PDF converter (version 2006.09.02).]
\scratchcounter=\count106
\scratchdimen=\dimen132
\scratchbox=\box29
\nofMPsegments=\count107
\nofMParguments=\count108
\everyMPshowfont=\toks23
\MPscratchCnt=\count109
\MPscratchDim=\dimen133
\MPnumerator=\count110
\makeMPintoPDFobject=\count111
\everyMPtoPDFconversion=\toks24
) (/usr/local/texlive/2016/texmf-dist/tex/generic/oberdiek/pdftexcmds.sty
Package: pdftexcmds 2016/05/10 v0.21 Utility functions of pdfTeX for LuaTeX (HO
)

(/usr/local/texlive/2016/texmf-dist/tex/generic/oberdiek/ifluatex.sty
Package: ifluatex 2016/05/16 v1.4 Provides the ifluatex switch (HO)
Package ifluatex Info: LuaTeX not detected.
)
Package pdftexcmds Info: LuaTeX not detected.
Package pdftexcmds Info: \pdf@primitive is available.
Package pdftexcmds Info: \pdf@ifprimitive is available.
Package pdftexcmds Info: \pdfdraftmode found.
)
(/usr/local/texlive/2016/texmf-dist/tex/latex/oberdiek/epstopdf-base.sty
Package: epstopdf-base 2016/05/15 v2.6 Base part for package epstopdf

(/usr/local/texlive/2016/texmf-dist/tex/latex/oberdiek/grfext.sty
Package: grfext 2016/05/16 v1.2 Manage graphics extensions (HO)

(/usr/local/texlive/2016/texmf-dist/tex/generic/oberdiek/kvdefinekeys.sty
Package: kvdefinekeys 2016/05/16 v1.4 Define keys (HO)
))
(/usr/local/texlive/2016/texmf-dist/tex/latex/oberdiek/kvoptions.sty
Package: kvoptions 2016/05/16 v3.12 Key value format for package options (HO)

(/usr/local/texlive/2016/texmf-dist/tex/generic/oberdiek/kvsetkeys.sty
Package: kvsetkeys 2016/05/16 v1.17 Key value parser (HO)

(/usr/local/texlive/2016/texmf-dist/tex/generic/oberdiek/etexcmds.sty
Package: etexcmds 2016/05/16 v1.6 Avoid name clashes with e-TeX commands (HO)
Package etexcmds Info: Could not find \expanded.
(etexcmds)             That can mean that you are not using pdfTeX 1.50 or
(etexcmds)             that some package has redefined \expanded.
(etexcmds)             In the latter case, load this package earlier.
)))
Package grfext Info: Graphics extension search list:
(grfext)             [.png,.pdf,.jpg,.mps,.jpeg,.jbig2,.jb2,.PNG,.PDF,.JPG,.JPE
G,.JBIG2,.JB2,.eps]
(grfext)             \AppendGraphicsExtensions on input line 456.

(/usr/local/texlive/2016/texmf-dist/tex/latex/latexconfig/epstopdf-sys.cfg
File: epstopdf-sys.cfg 2010/07/13 v1.3 Configuration of (r)epstopdf for TeX Liv
e
))
LaTeX Font Info:    Try loading font information for U+msa on input line 22.

(/usr/local/texlive/2016/texmf-dist/tex/latex/amsfonts/umsa.fd
File: umsa.fd 2013/01/14 v3.01 AMS symbols A
)
LaTeX Font Info:    Try loading font information for U+msb on input line 22.

(/usr/local/texlive/2016/texmf-dist/tex/latex/amsfonts/umsb.fd
File: umsb.fd 2013/01/14 v3.01 AMS symbols B
) [1

{/usr/local/texlive/2016/texmf-var/fonts/map/pdftex/updmap/pdftex.map}]
Overfull \hbox (9.21318pt too wide) detected at line 37
[] \OT1/cmr/m/n/12 = [][] []
 []

[2]
LaTeX Font Info:    Try loading font information for OMS+cmr on input line 82.
 (/usr/local/texlive/2016/texmf-dist/tex/latex/base/omscmr.fd
File: omscmr.fd 2014/09/29 v2.5h Standard LaTeX font definitions
)
LaTeX Font Info:    Font shape `OMS/cmr/m/n' in size <12> not available
(Font)              Font shape `OMS/cmsy/m/n' tried instead on input line 82.
 [3] [4]
[5] <figures/demagnetizing_factor.pdf, id=32, 569.12625pt x 411.5375pt>
File: figures/demagnetizing_factor.pdf Graphic file (type pdf)

<use figures/demagnetizing_factor.pdf>
Package pdftex.def Info: figures/demagnetizing_factor.pdf used on input line 13
9.
(pdftex.def)             Requested size: 328.82707pt x 237.78766pt.
 [6] [7 <./figures/demagnetizing_factor.pdf, page is rotated 90 degrees>] [8]
<figures/FeMagnetization_vs_Hint.pdf, id=87, 413.545pt x 739.76375pt>
File: figures/FeMagnetization_vs_Hint.pdf Graphic file (type pdf)

<use figures/FeMagnetization_vs_Hint.pdf>
Package pdftex.def Info: figures/FeMagnetization_vs_Hint.pdf used on input line
 184.
(pdftex.def)             Requested size: 300.64291pt x 537.81062pt.

<figures/FeCombinedFit_vs_Hint.pdf, id=88, 569.12625pt x 362.35374pt>
File: figures/FeCombinedFit_vs_Hint.pdf Graphic file (type pdf)

<use figures/FeCombinedFit_vs_Hint.pdf>
Package pdftex.def Info: figures/FeCombinedFit_vs_Hint.pdf used on input line 1
90.
(pdftex.def)             Requested size: 328.82707pt x 209.36913pt.

<figures/FeCombinedFitErrorBand_vs_Hint.pdf, id=89, 569.12625pt x 362.35374pt>
File: figures/FeCombinedFitErrorBand_vs_Hint.pdf Graphic file (type pdf)

<use figures/FeCombinedFitErrorBand_vs_Hint.pdf>
Package pdftex.def Info: figures/FeCombinedFitErrorBand_vs_Hint.pdf used on inp
ut line 196.
(pdftex.def)             Requested size: 328.82707pt x 209.36913pt.

<figures/NiMagnetization_vs_Hint.pdf, id=90, 413.545pt x 739.76375pt>
File: figures/NiMagnetization_vs_Hint.pdf Graphic file (type pdf)

<use figures/NiMagnetization_vs_Hint.pdf>
Package pdftex.def Info: figures/NiMagnetization_vs_Hint.pdf used on input line
 204.
(pdftex.def)             Requested size: 300.64291pt x 537.81062pt.

<figures/NiCombinedFit_vs_Hint.pdf, id=91, 569.12625pt x 362.35374pt>
File: figures/NiCombinedFit_vs_Hint.pdf Graphic file (type pdf)

<use figures/NiCombinedFit_vs_Hint.pdf>
Package pdftex.def Info: figures/NiCombinedFit_vs_Hint.pdf used on input line 2
10.
(pdftex.def)             Requested size: 328.82707pt x 209.36913pt.

<figures/NiCombinedFitErrorBand_vs_Hint.pdf, id=92, 569.12625pt x 362.35374pt>
File: figures/NiCombinedFitErrorBand_vs_Hint.pdf Graphic file (type pdf)

<use figures/NiCombinedFitErrorBand_vs_Hint.pdf>
Package pdftex.def Info: figures/NiCombinedFitErrorBand_vs_Hint.pdf used on inp
ut line 216.
(pdftex.def)             Requested size: 328.82707pt x 209.36913pt.
 [9] [10 <./figures/FeMagnetization_vs_Hint.pdf>] [11 <./figures/FeCombinedFit_
vs_Hint.pdf, page is rotated 90 degrees> <./figures/FeCombinedFitErrorBand_vs_H
int.pdf, page is rotated 90 degrees>] [12 <./figures/NiMagnetization_vs_Hint.pd
f>] [13 <./figures/NiCombinedFit_vs_Hint.pdf, page is rotated 90 degrees> <./fi
gures/NiCombinedFitErrorBand_vs_Hint.pdf, page is rotated 90 degrees>]
Missing character: There is no Ä in font cmr12!
Missing character: There is no ú in font cmr12!
Missing character: There is no Ä in font cmr12!
Missing character: There is no ù in font cmr12!

<figures/anisotropy_Ni_Fe.png, id=371, 437.38406pt x 700.11563pt>
File: figures/anisotropy_Ni_Fe.png Graphic file (type png)

<use figures/anisotropy_Ni_Fe.png>
Package pdftex.def Info: figures/anisotropy_Ni_Fe.png used on input line 238.
(pdftex.def)             Requested size: 234.8775pt x 375.96297pt.
 [14] [15 <./figures/anisotropy_Ni_Fe.png>]
<figures/anisotropy_Co.png, id=378, 430.60875pt x 304.88907pt>
File: figures/anisotropy_Co.png Graphic file (type png)

<use figures/anisotropy_Co.png>
Package pdftex.def Info: figures/anisotropy_Co.png used on input line 261.
(pdftex.def)             Requested size: 234.8775pt x 166.30779pt.
 [16]
<figures/target_ladder.png, id=382, 253.69781pt x 545.78906pt>
File: figures/target_ladder.png Graphic file (type png)

<use figures/target_ladder.png>
Package pdftex.def Info: figures/target_ladder.png used on input line 270.
(pdftex.def)             Requested size: 117.43875pt x 252.64835pt.
 [17 <./figures/anisotropy_Co.png> <./figures/target_ladder.png>]
Overfull \hbox (7.0084pt too wide) in paragraph at lines 289--290
[]\OT1/cmr/m/n/12 Assuming the av-er-age tem-per-a-ture rise is about 1$[]$C be
-low the max-i-mum gives a 19.5$[][]\OML/cmm/m/it/12 =^^V$\OT1/cmr/m/n/12 A
 []

<figures/target_heating_Fe.jpg, id=386, 963.6pt x 722.7pt>
File: figures/target_heating_Fe.jpg Graphic file (type jpg)

<use figures/target_heating_Fe.jpg>
Package pdftex.def Info: figures/target_heating_Fe.jpg used on input line 293.
(pdftex.def)             Requested size: 328.82707pt x 246.619pt.


LaTeX Warning: `h' float specifier changed to `ht'.

<figures/target_heating_correction.pdf, id=387, 569.12625pt x 388.45125pt>
File: figures/target_heating_correction.pdf Graphic file (type pdf)

<use figures/target_heating_correction.pdf>
Package pdftex.def Info: figures/target_heating_correction.pdf used on input li
ne 301.
(pdftex.def)             Requested size: 328.82707pt x 224.44835pt.
 [18] [19 <./figures/target_heating_Fe.jpg> <./figures/target_heating_correctio
n.pdf, page is rotated 90 degrees>]
[20

] [21] [22]
<figures/gprime_world_data_Fe.pdf, id=448, 569.12625pt x 384.43625pt>
File: figures/gprime_world_data_Fe.pdf Graphic file (type pdf)

<use figures/gprime_world_data_Fe.pdf>
Package pdftex.def Info: figures/gprime_world_data_Fe.pdf used on input line 40
7.
(pdftex.def)             Requested size: 375.80544pt x 253.86362pt.


LaTeX Warning: `h' float specifier changed to `ht'.


Overfull \hbox (22.95236pt too wide) in paragraph at lines 414--415
[]\OT1/cmr/m/n/12 Scott cylin-der 99.94% with pri-mary im-pu-ri-ties O(0.04%), 
C(0.005%), N(0.004%), S(0.003%)
 []

[23]
Underfull \hbox (badness 10000) in paragraph at lines 422--422
[][]\OT1/cmr/m/n/10 For a sim-ple ex-pla-na-tion of FMR see http://www.physik.f
u-berlin.de/einrichtungen/ag/ag-
 []

[24 <./figures/gprime_world_data_Fe.pdf, page is rotated 90 degrees>]
<figures/gfactor_world_data_Fe.pdf, id=499, 569.12625pt x 388.45125pt>
File: figures/gfactor_world_data_Fe.pdf Graphic file (type pdf)

<use figures/gfactor_world_data_Fe.pdf>
Package pdftex.def Info: figures/gfactor_world_data_Fe.pdf used on input line 4
35.
(pdftex.def)             Requested size: 375.80544pt x 256.51494pt.


LaTeX Warning: `h' float specifier changed to `ht'.

[25]
Overfull \hbox (21.47739pt too wide) in paragraph at lines 447--448
[]\OT1/cmr/m/n/12 Scott 99.82% Ni with main im-pu-ri-ties Si(0.1%), Fe(0.032%),
 Mn(0.030%), and C(0.01%)[[]] 
 []

[26 <./figures/gfactor_world_data_Fe.pdf, page is rotated 90 degrees>]
<figures/gprime_world_data_Ni.pdf, id=550, 569.12625pt x 388.45125pt>
File: figures/gprime_world_data_Ni.pdf Graphic file (type pdf)

<use figures/gprime_world_data_Ni.pdf>
Package pdftex.def Info: figures/gprime_world_data_Ni.pdf used on input line 45
8.
(pdftex.def)             Requested size: 375.80544pt x 256.51494pt.


LaTeX Warning: `h' float specifier changed to `ht'.

[27] [28 <./figures/gprime_world_data_Ni.pdf, page is rotated 90 degrees>]
Overfull \hbox (1.45253pt too wide) in paragraph at lines 480--494
 [] 
 []

<figures/Frait1981.png, id=600, 449.42906pt x 306.39468pt>
File: figures/Frait1981.png Graphic file (type png)

<use figures/Frait1981.png>
Package pdftex.def Info: figures/Frait1981.png used on input line 500.
(pdftex.def)             Requested size: 375.80544pt x 256.21033pt.


LaTeX Warning: `h' float specifier changed to `ht'.

[29] [30 <./figures/Frait1981.png>] [31]

LaTeX Warning: `h' float specifier changed to `ht'.

[32] [33] (./TargetPolarizationTechNote.bbl
Missing character: There is no ‚ in font cmr12!
Missing character: There is no Ä in font cmr12!
Missing character: There is no ê in font cmr12!
Missing character: There is no ‚ in font cmr12!
Missing character: There is no Ä in font cmr12!
Missing character: There is no ê in font cmr12!
Missing character: There is no ‚ in font cmr12!
Missing character: There is no Ä in font cmr12!
Missing character: There is no ê in font cmr12!
Missing character: There is no √ in font cmr12!
Missing character: There is no © in font cmr12!
Missing character: There is no √ in font cmr12!
Missing character: There is no © in font cmr12!
 [34]
Missing character: There is no ¬ in font cmr12!
Missing character: There is no ∞ in font cmr12!
Missing character: There is no ‚ in font cmr12!
Missing character: There is no Ä in font cmr12!
Missing character: There is no ê in font cmr12!
Missing character: There is no ‚ in font cmr12!
Missing character: There is no Ä in font cmr12!
Missing character: There is no ≤ in font cmr12!
 [35]
Missing character: There is no √ in font cmr12!
Missing character: There is no © in font cmr12!
Missing character: There is no √ in font cmr12!
Missing character: There is no © in font cmr12!
Missing character: There is no ‚ in font cmr12!
Missing character: There is no Ä in font cmr12!
Missing character: There is no Ç in font cmr12!
Missing character: There is no ¬ in font cmr12!
Missing character: There is no ∞ in font cmr12!
 [36]
Missing character: There is no ≈ in font cmr12!
Missing character: There is no Ø in font cmr12!
Missing character: There is no ƒ in font cmr12!
Missing character: There is no õ in font cmr12!
Missing character: There is no Ó in font cmr12!
Missing character: There is no ó in font cmr12!
Missing character: There is no ∏ in font cmr12!
Missing character: There is no ‚ in font cmr12!
Missing character: There is no Ä in font cmr12!
Missing character: There is no ì in font cmr12!
Missing character: There is no Ô in font cmr12!
Missing character: There is no £ in font cmr12!
Missing character: There is no ø in font cmr12!
Missing character: There is no ≈ in font cmr12!
Missing character: There is no Ø in font cmr12!
) [37]
(./TargetPolarizationTechNote.aux) ) 
Here is how much of TeX's memory you used:
 4691 strings out of 493014
 70303 string characters out of 6133351
 142049 words of memory out of 5000000
 8132 multiletter control sequences out of 15000+600000
 17491 words of font info for 66 fonts, out of 8000000 for 9000
 1141 hyphenation exceptions out of 8191
 38i,12n,39p,2289b,362s stack positions out of 5000i,500n,10000p,200000b,80000s
</usr/local/texlive/2016/texmf-dist/fonts/t
ype1/public/amsfonts/cm/cmbx10.pfb></usr/local/texlive/2016/texmf-dist/fonts/ty
pe1/public/amsfonts/cm/cmbx12.pfb></usr/local/texlive/2016/texmf-dist/fonts/typ
e1/public/amsfonts/cm/cmex10.pfb></usr/local/texlive/2016/texmf-dist/fonts/type
1/public/amsfonts/cm/cmmi10.pfb></usr/local/texlive/2016/texmf-dist/fonts/type1
/public/amsfonts/cm/cmmi12.pfb></usr/local/texlive/2016/texmf-dist/fonts/type1/
public/amsfonts/cm/cmmi6.pfb></usr/local/texlive/2016/texmf-dist/fonts/type1/pu
blic/amsfonts/cm/cmmi7.pfb></usr/local/texlive/2016/texmf-dist/fonts/type1/publ
ic/amsfonts/cm/cmmi8.pfb></usr/local/texlive/2016/texmf-dist/fonts/type1/public
/amsfonts/cm/cmr10.pfb></usr/local/texlive/2016/texmf-dist/fonts/type1/public/a
msfonts/cm/cmr12.pfb></usr/local/texlive/2016/texmf-dist/fonts/type1/public/ams
fonts/cm/cmr17.pfb></usr/local/texlive/2016/texmf-dist/fonts/type1/public/amsfo
nts/cm/cmr7.pfb></usr/local/texlive/2016/texmf-dist/fonts/type1/public/amsfonts
/cm/cmr8.pfb></usr/local/texlive/2016/texmf-dist/fonts/type1/public/amsfonts/cm
/cmsy10.pfb></usr/local/texlive/2016/texmf-dist/fonts/type1/public/amsfonts/cm/
cmsy6.pfb></usr/local/texlive/2016/texmf-dist/fonts/type1/public/amsfonts/cm/cm
sy7.pfb></usr/local/texlive/2016/texmf-dist/fonts/type1/public/amsfonts/cm/cmsy
8.pfb></usr/local/texlive/2016/texmf-dist/fonts/type1/public/amsfonts/cm/cmti10
.pfb></usr/local/texlive/2016/texmf-dist/fonts/type1/public/amsfonts/cm/cmti12.
pfb></usr/local/texlive/2016/texmf-dist/fonts/type1/public/amsfonts/symbols/msb
m10.pfb>
Output written on TargetPolarizationTechNote.pdf (37 pages, 1178148 bytes).
PDF statistics:
 697 PDF objects out of 1000 (max. 8388607)
 343 compressed objects within 4 object streams
 0 named destinations out of 1000 (max. 500000)
 81 words of extra memory for PDF output out of 10000 (max. 10000000)

